# JRE version: OpenJDK Runtime Environment Temurin-21.0.11+10 (21.0.11+10) (build 21.0.11+10-LTS)
# Java VM: OpenJDK 64-Bit Server VM Temurin-21.0.11+10 (21.0.11+10-LTS, mixed mode, sharing, tiered, compressed oops, compressed class ptrs, parallel gc, windows-amd64)
GC Precious Log:
 CardTable entry size: 512
 CPUs: 8 total, 8 available
 Memory: 24465M
 Large Page Support: Disabled
 NUMA Support: Disabled
 Compressed Oops: Enabled (32-bit)
 Alignments: Space 512K, Generation 512K, Heap 2M
 Heap Min Capacity: 100M
 Heap Initial Capacity: 100M
 Heap Max Capacity: 2G
 Pre-touch: Disabled
 Parallel Workers: 8
Heap:
 PSYoungGen      total 27136K, used 27132K [0x00000000d5580000, 0x00000000d7880000, 0x0000000100000000)
  eden space 18432K, 100% used [0x00000000d5580000,0x00000000d6780000,0x00000000d6780000)
  from space 8704K, 99% used [0x00000000d6780000,0x00000000d6fff1f0,0x00000000d7000000)
  to   space 8704K, 91% used [0x00000000d7000000,0x00000000d77c8210,0x00000000d7880000)
 ParOldGen       total 289280K, used 289276K [0x0000000080000000, 0x0000000091a80000, 0x00000000d5580000)
  object space 289280K, 99% used [0x0000000080000000,0x0000000091a7f0a0,0x0000000091a80000)
 Metaspace       used 62731K, committed 64256K, reserved 1114112K
  class space    used 6574K, committed 7232K, reserved 1048576K
GC Heap History (20 events):
Event: 20.320 GC heap before
{Heap before GC invocations=310 (full 4):
 PSYoungGen      total 13312K, used 13297K [0x00000000d5580000, 0x00000000d6780000, 0x0000000100000000)
  eden space 10240K, 100% used [0x00000000d5580000,0x00000000d5f80000,0x00000000d5f80000)
  from space 3072K, 99% used [0x00000000d5f80000,0x00000000d627c668,0x00000000d6280000)
  to   space 3584K, 0% used [0x00000000d6400000,0x00000000d6400000,0x00000000d6780000)
 ParOldGen       total 269824K, used 269435K [0x0000000080000000, 0x0000000090780000, 0x00000000d5580000)
  object space 269824K, 99% used [0x0000000080000000,0x000000009071edc0,0x0000000090780000)
 Metaspace       used 61906K, committed 63360K, reserved 1114112K
  class space    used 6508K, committed 7168K, reserved 1048576K
}
Event: 20.324 GC heap after
{Heap after GC invocations=310 (full 4):
 PSYoungGen      total 14848K, used 3464K [0x00000000d5580000, 0x00000000d6780000, 0x0000000100000000)
  eden space 11264K, 0% used [0x00000000d5580000,0x00000000d5580000,0x00000000d6080000)
  from space 3584K, 96% used [0x00000000d6400000,0x00000000d6762388,0x00000000d6780000)
  to   space 3584K, 0% used [0x00000000d6080000,0x00000000d6080000,0x00000000d6400000)
 ParOldGen       total 270848K, used 270381K [0x0000000080000000, 0x0000000090880000, 0x00000000d5580000)
  object space 270848K, 99% used [0x0000000080000000,0x000000009080b470,0x0000000090880000)
 Metaspace       used 61906K, committed 63360K, reserved 1114112K
  class space    used 6508K, committed 7168K, reserved 1048576K
}
Event: 20.377 GC heap before
{Heap before GC invocations=311 (full 4):
 PSYoungGen      total 14848K, used 14728K [0x00000000d5580000, 0x00000000d6780000, 0x0000000100000000)
  eden space 11264K, 100% used [0x00000000d5580000,0x00000000d6080000,0x00000000d6080000)
  from space 3584K, 96% used [0x00000000d6400000,0x00000000d6762388,0x00000000d6780000)
  to   space 3584K, 0% used [0x00000000d6080000,0x00000000d6080000,0x00000000d6400000)
 ParOldGen       total 270848K, used 270381K [0x0000000080000000, 0x0000000090880000, 0x00000000d5580000)
  object space 270848K, 99% used [0x0000000080000000,0x000000009080b470,0x0000000090880000)
 Metaspace       used 61914K, committed 63360K, reserved 1114112K
  class space    used 6508K, committed 7168K, reserved 1048576K
}
Event: 20.383 GC heap after
{Heap after GC invocations=311 (full 4):
 PSYoungGen      total 14848K, used 3574K [0x00000000d5580000, 0x00000000d6e00000, 0x0000000100000000)
  eden space 11264K, 0% used [0x00000000d5580000,0x00000000d5580000,0x00000000d6080000)
  from space 3584K, 99% used [0x00000000d6080000,0x00000000d63fdb08,0x00000000d6400000)
  to   space 6144K, 0% used [0x00000000d6800000,0x00000000d6800000,0x00000000d6e00000)
 ParOldGen       total 272384K, used 272131K [0x0000000080000000, 0x0000000090a00000, 0x00000000d5580000)
  object space 272384K, 99% used [0x0000000080000000,0x00000000909c0e80,0x0000000090a00000)
 Metaspace       used 61914K, committed 63360K, reserved 1114112K
  class space    used 6508K, committed 7168K, reserved 1048576K
}
Event: 20.439 GC heap before
{Heap before GC invocations=312 (full 4):
 PSYoungGen      total 14848K, used 14838K [0x00000000d5580000, 0x00000000d6e00000, 0x0000000100000000)
  eden space 11264K, 100% used [0x00000000d5580000,0x00000000d6080000,0x00000000d6080000)
  from space 3584K, 99% used [0x00000000d6080000,0x00000000d63fdb08,0x00000000d6400000)
  to   space 6144K, 0% used [0x00000000d6800000,0x00000000d6800000,0x00000000d6e00000)
 ParOldGen       total 272384K, used 272131K [0x0000000080000000, 0x0000000090a00000, 0x00000000d5580000)
  object space 272384K, 99% used [0x0000000080000000,0x00000000909c0e80,0x0000000090a00000)
 Metaspace       used 61915K, committed 63360K, reserved 1114112K
  class space    used 6508K, committed 7168K, reserved 1048576K
}
Event: 20.446 GC heap after
{Heap after GC invocations=312 (full 4):
 PSYoungGen      total 17408K, used 4389K [0x00000000d5580000, 0x00000000d6c80000, 0x0000000100000000)
  eden space 12800K, 0% used [0x00000000d5580000,0x00000000d5580000,0x00000000d6200000)
  from space 4608K, 95% used [0x00000000d6800000,0x00000000d6c49618,0x00000000d6c80000)
  to   space 5120K, 0% used [0x00000000d6280000,0x00000000d6280000,0x00000000d6780000)
 ParOldGen       total 273920K, used 273571K [0x0000000080000000, 0x0000000090b80000, 0x00000000d5580000)
  object space 273920K, 99% used [0x0000000080000000,0x0000000090b28d70,0x0000000090b80000)
 Metaspace       used 61915K, committed 63360K, reserved 1114112K
  class space    used 6508K, committed 7168K, reserved 1048576K
}
Event: 20.490 GC heap before
{Heap before GC invocations=313 (full 4):
 PSYoungGen      total 17408K, used 17189K [0x00000000d5580000, 0x00000000d6c80000, 0x0000000100000000)
  eden space 12800K, 100% used [0x00000000d5580000,0x00000000d6200000,0x00000000d6200000)
  from space 4608K, 95% used [0x00000000d6800000,0x00000000d6c49618,0x00000000d6c80000)
  to   space 5120K, 0% used [0x00000000d6280000,0x00000000d6280000,0x00000000d6780000)
 ParOldGen       total 273920K, used 273571K [0x0000000080000000, 0x0000000090b80000, 0x00000000d5580000)
  object space 273920K, 99% used [0x0000000080000000,0x0000000090b28d70,0x0000000090b80000)
 Metaspace       used 61917K, committed 63360K, reserved 1114112K
  class space    used 6508K, committed 7168K, reserved 1048576K
}
Event: 20.494 GC heap after
{Heap after GC invocations=313 (full 4):
 PSYoungGen      total 18432K, used 5089K [0x00000000d5580000, 0x00000000d7100000, 0x0000000100000000)
  eden space 13312K, 0% used [0x00000000d5580000,0x00000000d5580000,0x00000000d6280000)
  from space 5120K, 99% used [0x00000000d6280000,0x00000000d67785c0,0x00000000d6780000)
  to   space 7168K, 0% used [0x00000000d6a00000,0x00000000d6a00000,0x00000000d7100000)
 ParOldGen       total 275456K, used 275086K [0x0000000080000000, 0x0000000090d00000, 0x00000000d5580000)
  object space 275456K, 99% used [0x0000000080000000,0x0000000090ca3b28,0x0000000090d00000)
 Metaspace       used 61917K, committed 63360K, reserved 1114112K
  class space    used 6508K, committed 7168K, reserved 1048576K
}
Event: 20.594 GC heap before
{Heap before GC invocations=314 (full 4):
 PSYoungGen      total 18432K, used 18401K [0x00000000d5580000, 0x00000000d7100000, 0x0000000100000000)
  eden space 13312K, 100% used [0x00000000d5580000,0x00000000d6280000,0x00000000d6280000)
  from space 5120K, 99% used [0x00000000d6280000,0x00000000d67785c0,0x00000000d6780000)
  to   space 7168K, 0% used [0x00000000d6a00000,0x00000000d6a00000,0x00000000d7100000)
 ParOldGen       total 275456K, used 275086K [0x0000000080000000, 0x0000000090d00000, 0x00000000d5580000)
  object space 275456K, 99% used [0x0000000080000000,0x0000000090ca3b28,0x0000000090d00000)
 Metaspace       used 61940K, committed 63424K, reserved 1114112K
  class space    used 6511K, committed 7168K, reserved 1048576K
}
Event: 20.599 GC heap after
{Heap after GC invocations=314 (full 4):
 PSYoungGen      total 20992K, used 5828K [0x00000000d5580000, 0x00000000d7000000, 0x0000000100000000)
  eden space 14848K, 0% used [0x00000000d5580000,0x00000000d5580000,0x00000000d6400000)
  from space 6144K, 94% used [0x00000000d6a00000,0x00000000d6fb10a8,0x00000000d7000000)
  to   space 6144K, 0% used [0x00000000d6400000,0x00000000d6400000,0x00000000d6a00000)
 ParOldGen       total 276992K, used 276807K [0x0000000080000000, 0x0000000090e80000, 0x00000000d5580000)
  object space 276992K, 99% used [0x0000000080000000,0x0000000090e51d90,0x0000000090e80000)
 Metaspace       used 61940K, committed 63424K, reserved 1114112K
  class space    used 6511K, committed 7168K, reserved 1048576K
}
Event: 20.661 GC heap before
{Heap before GC invocations=315 (full 4):
 PSYoungGen      total 20992K, used 20676K [0x00000000d5580000, 0x00000000d7000000, 0x0000000100000000)
  eden space 14848K, 100% used [0x00000000d5580000,0x00000000d6400000,0x00000000d6400000)
  from space 6144K, 94% used [0x00000000d6a00000,0x00000000d6fb10a8,0x00000000d7000000)
  to   space 6144K, 0% used [0x00000000d6400000,0x00000000d6400000,0x00000000d6a00000)
 ParOldGen       total 276992K, used 276807K [0x0000000080000000, 0x0000000090e80000, 0x00000000d5580000)
  object space 276992K, 99% used [0x0000000080000000,0x0000000090e51d90,0x0000000090e80000)
 Metaspace       used 61984K, committed 63424K, reserved 1114112K
  class space    used 6515K, committed 7168K, reserved 1048576K
}
Event: 20.668 GC heap after
{Heap after GC invocations=315 (full 4):
 PSYoungGen      total 20992K, used 6119K [0x00000000d5580000, 0x00000000d7680000, 0x0000000100000000)
  eden space 14848K, 0% used [0x00000000d5580000,0x00000000d5580000,0x00000000d6400000)
  from space 6144K, 99% used [0x00000000d6400000,0x00000000d69f9e90,0x00000000d6a00000)
  to   space 8704K, 0% used [0x00000000d6e00000,0x00000000d6e00000,0x00000000d7680000)
 ParOldGen       total 279040K, used 278685K [0x0000000080000000, 0x0000000091080000, 0x00000000d5580000)
  object space 279040K, 99% used [0x0000000080000000,0x0000000091027580,0x0000000091080000)
 Metaspace       used 61984K, committed 63424K, reserved 1114112K
  class space    used 6515K, committed 7168K, reserved 1048576K
}
Event: 20.747 GC heap before
{Heap before GC invocations=316 (full 4):
 PSYoungGen      total 20992K, used 20967K [0x00000000d5580000, 0x00000000d7680000, 0x0000000100000000)
  eden space 14848K, 100% used [0x00000000d5580000,0x00000000d6400000,0x00000000d6400000)
  from space 6144K, 99% used [0x00000000d6400000,0x00000000d69f9e90,0x00000000d6a00000)
  to   space 8704K, 0% used [0x00000000d6e00000,0x00000000d6e00000,0x00000000d7680000)
 ParOldGen       total 279040K, used 278685K [0x0000000080000000, 0x0000000091080000, 0x00000000d5580000)
  object space 279040K, 99% used [0x0000000080000000,0x0000000091027580,0x0000000091080000)
 Metaspace       used 62224K, committed 63680K, reserved 1114112K
  class space    used 6534K, committed 7168K, reserved 1048576K
}
Event: 20.755 GC heap after
{Heap after GC invocations=316 (full 4):
 PSYoungGen      total 22528K, used 6100K [0x00000000d5580000, 0x00000000d7400000, 0x0000000100000000)
  eden space 16384K, 0% used [0x00000000d5580000,0x00000000d5580000,0x00000000d6580000)
  from space 6144K, 99% used [0x00000000d6e00000,0x00000000d73f5070,0x00000000d7400000)
  to   space 7168K, 0% used [0x00000000d6600000,0x00000000d6600000,0x00000000d6d00000)
 ParOldGen       total 281600K, used 281421K [0x0000000080000000, 0x0000000091300000, 0x00000000d5580000)
  object space 281600K, 99% used [0x0000000080000000,0x00000000912d3778,0x0000000091300000)
 Metaspace       used 62224K, committed 63680K, reserved 1114112K
  class space    used 6534K, committed 7168K, reserved 1048576K
}
Event: 20.835 GC heap before
{Heap before GC invocations=317 (full 4):
 PSYoungGen      total 22528K, used 22484K [0x00000000d5580000, 0x00000000d7400000, 0x0000000100000000)
  eden space 16384K, 100% used [0x00000000d5580000,0x00000000d6580000,0x00000000d6580000)
  from space 6144K, 99% used [0x00000000d6e00000,0x00000000d73f5070,0x00000000d7400000)
  to   space 7168K, 0% used [0x00000000d6600000,0x00000000d6600000,0x00000000d6d00000)
 ParOldGen       total 281600K, used 281421K [0x0000000080000000, 0x0000000091300000, 0x00000000d5580000)
  object space 281600K, 99% used [0x0000000080000000,0x00000000912d3778,0x0000000091300000)
 Metaspace       used 62405K, committed 63872K, reserved 1114112K
  class space    used 6552K, committed 7232K, reserved 1048576K
}
Event: 20.840 GC heap after
{Heap after GC invocations=317 (full 4):
 PSYoungGen      total 24064K, used 7146K [0x00000000d5580000, 0x00000000d7900000, 0x0000000100000000)
  eden space 16896K, 0% used [0x00000000d5580000,0x00000000d5580000,0x00000000d6600000)
  from space 7168K, 99% used [0x00000000d6600000,0x00000000d6cfa9c0,0x00000000d6d00000)
  to   space 9216K, 0% used [0x00000000d7000000,0x00000000d7000000,0x00000000d7900000)
 ParOldGen       total 283136K, used 283013K [0x0000000080000000, 0x0000000091480000, 0x00000000d5580000)
  object space 283136K, 99% used [0x0000000080000000,0x00000000914616c0,0x0000000091480000)
 Metaspace       used 62405K, committed 63872K, reserved 1114112K
  class space    used 6552K, committed 7232K, reserved 1048576K
}
Event: 20.950 GC heap before
{Heap before GC invocations=318 (full 4):
 PSYoungGen      total 24064K, used 24042K [0x00000000d5580000, 0x00000000d7900000, 0x0000000100000000)
  eden space 16896K, 100% used [0x00000000d5580000,0x00000000d6600000,0x00000000d6600000)
  from space 7168K, 99% used [0x00000000d6600000,0x00000000d6cfa9c0,0x00000000d6d00000)
  to   space 9216K, 0% used [0x00000000d7000000,0x00000000d7000000,0x00000000d7900000)
 ParOldGen       total 283136K, used 283013K [0x0000000080000000, 0x0000000091480000, 0x00000000d5580000)
  object space 283136K, 99% used [0x0000000080000000,0x00000000914616c0,0x0000000091480000)
 Metaspace       used 62410K, committed 63936K, reserved 1114112K
  class space    used 6552K, committed 7232K, reserved 1048576K
}
Event: 20.958 GC heap after
{Heap after GC invocations=318 (full 4):
 PSYoungGen      total 27136K, used 8008K [0x00000000d5580000, 0x00000000d7880000, 0x0000000100000000)
  eden space 18432K, 0% used [0x00000000d5580000,0x00000000d5580000,0x00000000d6780000)
  from space 8704K, 92% used [0x00000000d7000000,0x00000000d77d21b8,0x00000000d7880000)
  to   space 8704K, 0% used [0x00000000d6780000,0x00000000d6780000,0x00000000d7000000)
 ParOldGen       total 285696K, used 285565K [0x0000000080000000, 0x0000000091700000, 0x00000000d5580000)
  object space 285696K, 99% used [0x0000000080000000,0x00000000916df428,0x0000000091700000)
 Metaspace       used 62410K, committed 63936K, reserved 1114112K
  class space    used 6552K, committed 7232K, reserved 1048576K
}
Event: 21.054 GC heap before
{Heap before GC invocations=319 (full 4):
 PSYoungGen      total 27136K, used 26440K [0x00000000d5580000, 0x00000000d7880000, 0x0000000100000000)
  eden space 18432K, 99% used [0x00000000d5580000,0x00000000d677fff0,0x00000000d6780000)
  from space 8704K, 92% used [0x00000000d7000000,0x00000000d77d21b8,0x00000000d7880000)
  to   space 8704K, 0% used [0x00000000d6780000,0x00000000d6780000,0x00000000d7000000)
 ParOldGen       total 285696K, used 285565K [0x0000000080000000, 0x0000000091700000, 0x00000000d5580000)
  object space 285696K, 99% used [0x0000000080000000,0x00000000916df428,0x0000000091700000)
 Metaspace       used 62707K, committed 64256K, reserved 1114112K
  class space    used 6574K, committed 7232K, reserved 1048576K
}
Event: 21.062 GC heap after
{Heap after GC invocations=319 (full 4):
 PSYoungGen      total 27136K, used 8700K [0x00000000d5580000, 0x00000000d7880000, 0x0000000100000000)
  eden space 18432K, 0% used [0x00000000d5580000,0x00000000d5580000,0x00000000d6780000)
  from space 8704K, 99% used [0x00000000d6780000,0x00000000d6fff1f0,0x00000000d7000000)
  to   space 8704K, 0% used [0x00000000d7000000,0x00000000d7000000,0x00000000d7880000)
 ParOldGen       total 288256K, used 287859K [0x0000000080000000, 0x0000000091980000, 0x00000000d5580000)
  object space 288256K, 99% used [0x0000000080000000,0x000000009191ce18,0x0000000091980000)
 Metaspace       used 62707K, committed 64256K, reserved 1114112K
  class space    used 6574K, committed 7232K, reserved 1048576K
}

