# JRE version: OpenJDK Runtime Environment Temurin-21.0.11+10 (21.0.11+10) (build 21.0.11+10-LTS)
# Java VM: OpenJDK 64-Bit Server VM Temurin-21.0.11+10 (21.0.11+10-LTS, mixed mode, sharing, tiered, compressed oops, compressed class ptrs, parallel gc, windows-amd64)
GC Precious Log:
 CardTable entry size: 512
 CPUs: 8 total, 8 available
 Memory: 24465M
 Large Page Support: Disabled
 NUMA Support: Disabled
 Compressed Oops: Enabled (32-bit)
 Alignments: Space 512K, Generation 512K, Heap 2M
 Heap Min Capacity: 100M
 Heap Initial Capacity: 100M
 Heap Max Capacity: 2G
 Pre-touch: Disabled
 Parallel Workers: 8
Heap:
 PSYoungGen      total 15360K, used 4157K [0x00000000d5580000, 0x00000000d6780000, 0x0000000100000000)
  eden space 13824K, 20% used [0x00000000d5580000,0x00000000d584ded0,0x00000000d6300000)
  from space 1536K, 83% used [0x00000000d6480000,0x00000000d65c17e0,0x00000000d6600000)
  to   space 1536K, 0% used [0x00000000d6600000,0x00000000d6600000,0x00000000d6780000)
 ParOldGen       total 68608K, used 65980K [0x0000000080000000, 0x0000000084300000, 0x00000000d5580000)
  object space 68608K, 96% used [0x0000000080000000,0x000000008406f150,0x0000000084300000)
 Metaspace       used 53110K, committed 54400K, reserved 1114112K
  class space    used 5759K, committed 6336K, reserved 1048576K
GC Heap History (20 events):
Event: 8.902 GC heap after
{Heap after GC invocations=29 (full 2):
 PSYoungGen      total 23040K, used 1383K [0x00000000d5580000, 0x00000000d6e00000, 0x0000000100000000)
  eden space 21504K, 0% used [0x00000000d5580000,0x00000000d5580000,0x00000000d6a80000)
  from space 1536K, 90% used [0x00000000d6b80000,0x00000000d6cd9dc8,0x00000000d6d00000)
  to   space 1024K, 0% used [0x00000000d6d00000,0x00000000d6d00000,0x00000000d6e00000)
 ParOldGen       total 68608K, used 41937K [0x0000000080000000, 0x0000000084300000, 0x00000000d5580000)
  object space 68608K, 61% used [0x0000000080000000,0x00000000828f45e0,0x0000000084300000)
 Metaspace       used 46505K, committed 47808K, reserved 1114112K
  class space    used 4947K, committed 5504K, reserved 1048576K
}
Event: 9.140 GC heap before
{Heap before GC invocations=30 (full 2):
 PSYoungGen      total 23040K, used 22876K [0x00000000d5580000, 0x00000000d6e00000, 0x0000000100000000)
  eden space 21504K, 99% used [0x00000000d5580000,0x00000000d6a7d5d8,0x00000000d6a80000)
  from space 1536K, 90% used [0x00000000d6b80000,0x00000000d6cd9dc8,0x00000000d6d00000)
  to   space 1024K, 0% used [0x00000000d6d00000,0x00000000d6d00000,0x00000000d6e00000)
 ParOldGen       total 68608K, used 41937K [0x0000000080000000, 0x0000000084300000, 0x00000000d5580000)
  object space 68608K, 61% used [0x0000000080000000,0x00000000828f45e0,0x0000000084300000)
 Metaspace       used 48093K, committed 49408K, reserved 1114112K
  class space    used 5133K, committed 5696K, reserved 1048576K
}
Event: 9.145 GC heap after
{Heap after GC invocations=30 (full 2):
 PSYoungGen      total 20480K, used 1018K [0x00000000d5580000, 0x00000000d7380000, 0x0000000100000000)
  eden space 19456K, 0% used [0x00000000d5580000,0x00000000d5580000,0x00000000d6880000)
  from space 1024K, 99% used [0x00000000d6d00000,0x00000000d6dfeb08,0x00000000d6e00000)
  to   space 4608K, 0% used [0x00000000d6880000,0x00000000d6880000,0x00000000d6d00000)
 ParOldGen       total 68608K, used 44955K [0x0000000080000000, 0x0000000084300000, 0x00000000d5580000)
  object space 68608K, 65% used [0x0000000080000000,0x0000000082be6c20,0x0000000084300000)
 Metaspace       used 48093K, committed 49408K, reserved 1114112K
  class space    used 5133K, committed 5696K, reserved 1048576K
}
Event: 9.293 GC heap before
{Heap before GC invocations=31 (full 2):
 PSYoungGen      total 20480K, used 20474K [0x00000000d5580000, 0x00000000d7380000, 0x0000000100000000)
  eden space 19456K, 100% used [0x00000000d5580000,0x00000000d6880000,0x00000000d6880000)
  from space 1024K, 99% used [0x00000000d6d00000,0x00000000d6dfeb08,0x00000000d6e00000)
  to   space 4608K, 0% used [0x00000000d6880000,0x00000000d6880000,0x00000000d6d00000)
 ParOldGen       total 68608K, used 44955K [0x0000000080000000, 0x0000000084300000, 0x00000000d5580000)
  object space 68608K, 65% used [0x0000000080000000,0x0000000082be6c20,0x0000000084300000)
 Metaspace       used 48764K, committed 49984K, reserved 1114112K
  class space    used 5223K, committed 5760K, reserved 1048576K
}
Event: 9.299 GC heap after
{Heap after GC invocations=31 (full 2):
 PSYoungGen      total 23552K, used 3716K [0x00000000d5580000, 0x00000000d7080000, 0x0000000100000000)
  eden space 19456K, 0% used [0x00000000d5580000,0x00000000d5580000,0x00000000d6880000)
  from space 4096K, 90% used [0x00000000d6880000,0x00000000d6c21358,0x00000000d6c80000)
  to   space 4096K, 0% used [0x00000000d6c80000,0x00000000d6c80000,0x00000000d7080000)
 ParOldGen       total 68608K, used 45864K [0x0000000080000000, 0x0000000084300000, 0x00000000d5580000)
  object space 68608K, 66% used [0x0000000080000000,0x0000000082cca030,0x0000000084300000)
 Metaspace       used 48764K, committed 49984K, reserved 1114112K
  class space    used 5223K, committed 5760K, reserved 1048576K
}
Event: 9.430 GC heap before
{Heap before GC invocations=32 (full 2):
 PSYoungGen      total 23552K, used 23172K [0x00000000d5580000, 0x00000000d7080000, 0x0000000100000000)
  eden space 19456K, 100% used [0x00000000d5580000,0x00000000d6880000,0x00000000d6880000)
  from space 4096K, 90% used [0x00000000d6880000,0x00000000d6c21358,0x00000000d6c80000)
  to   space 4096K, 0% used [0x00000000d6c80000,0x00000000d6c80000,0x00000000d7080000)
 ParOldGen       total 68608K, used 45864K [0x0000000080000000, 0x0000000084300000, 0x00000000d5580000)
  object space 68608K, 66% used [0x0000000080000000,0x0000000082cca030,0x0000000084300000)
 Metaspace       used 49159K, committed 50432K, reserved 1114112K
  class space    used 5280K, committed 5824K, reserved 1048576K
}
Event: 9.436 GC heap after
{Heap after GC invocations=32 (full 2):
 PSYoungGen      total 18944K, used 4068K [0x00000000d5580000, 0x00000000d7980000, 0x0000000100000000)
  eden space 14848K, 0% used [0x00000000d5580000,0x00000000d5580000,0x00000000d6400000)
  from space 4096K, 99% used [0x00000000d6c80000,0x00000000d7079250,0x00000000d7080000)
  to   space 8704K, 0% used [0x00000000d6400000,0x00000000d6400000,0x00000000d6c80000)
 ParOldGen       total 68608K, used 49373K [0x0000000080000000, 0x0000000084300000, 0x00000000d5580000)
  object space 68608K, 71% used [0x0000000080000000,0x00000000830377e0,0x0000000084300000)
 Metaspace       used 49159K, committed 50432K, reserved 1114112K
  class space    used 5280K, committed 5824K, reserved 1048576K
}
Event: 9.507 GC heap before
{Heap before GC invocations=33 (full 2):
 PSYoungGen      total 18944K, used 18916K [0x00000000d5580000, 0x00000000d7980000, 0x0000000100000000)
  eden space 14848K, 100% used [0x00000000d5580000,0x00000000d6400000,0x00000000d6400000)
  from space 4096K, 99% used [0x00000000d6c80000,0x00000000d7079250,0x00000000d7080000)
  to   space 8704K, 0% used [0x00000000d6400000,0x00000000d6400000,0x00000000d6c80000)
 ParOldGen       total 68608K, used 49373K [0x0000000080000000, 0x0000000084300000, 0x00000000d5580000)
  object space 68608K, 71% used [0x0000000080000000,0x00000000830377e0,0x0000000084300000)
 Metaspace       used 49484K, committed 50752K, reserved 1114112K
  class space    used 5329K, committed 5888K, reserved 1048576K
}
Event: 9.513 GC heap after
{Heap after GC invocations=33 (full 2):
 PSYoungGen      total 17920K, used 2868K [0x00000000d5580000, 0x00000000d6d00000, 0x0000000100000000)
  eden space 14848K, 0% used [0x00000000d5580000,0x00000000d5580000,0x00000000d6400000)
  from space 3072K, 93% used [0x00000000d6400000,0x00000000d66cd340,0x00000000d6700000)
  to   space 4608K, 0% used [0x00000000d6880000,0x00000000d6880000,0x00000000d6d00000)
 ParOldGen       total 68608K, used 53251K [0x0000000080000000, 0x0000000084300000, 0x00000000d5580000)
  object space 68608K, 77% used [0x0000000080000000,0x0000000083400fb0,0x0000000084300000)
 Metaspace       used 49484K, committed 50752K, reserved 1114112K
  class space    used 5329K, committed 5888K, reserved 1048576K
}
Event: 9.603 GC heap before
{Heap before GC invocations=34 (full 2):
 PSYoungGen      total 17920K, used 17716K [0x00000000d5580000, 0x00000000d6d00000, 0x0000000100000000)
  eden space 14848K, 100% used [0x00000000d5580000,0x00000000d6400000,0x00000000d6400000)
  from space 3072K, 93% used [0x00000000d6400000,0x00000000d66cd340,0x00000000d6700000)
  to   space 4608K, 0% used [0x00000000d6880000,0x00000000d6880000,0x00000000d6d00000)
 ParOldGen       total 68608K, used 53350K [0x0000000080000000, 0x0000000084300000, 0x00000000d5580000)
  object space 68608K, 77% used [0x0000000080000000,0x0000000083419818,0x0000000084300000)
 Metaspace       used 49891K, committed 51200K, reserved 1114112K
  class space    used 5380K, committed 5952K, reserved 1048576K
}
Event: 9.610 GC heap after
{Heap after GC invocations=34 (full 2):
 PSYoungGen      total 17408K, used 2535K [0x00000000d5580000, 0x00000000d6b00000, 0x0000000100000000)
  eden space 14848K, 0% used [0x00000000d5580000,0x00000000d5580000,0x00000000d6400000)
  from space 2560K, 99% used [0x00000000d6880000,0x00000000d6af9c00,0x00000000d6b00000)
  to   space 3072K, 0% used [0x00000000d6500000,0x00000000d6500000,0x00000000d6800000)
 ParOldGen       total 68608K, used 56007K [0x0000000080000000, 0x0000000084300000, 0x00000000d5580000)
  object space 68608K, 81% used [0x0000000080000000,0x00000000836b1fc8,0x0000000084300000)
 Metaspace       used 49891K, committed 51200K, reserved 1114112K
  class space    used 5380K, committed 5952K, reserved 1048576K
}
Event: 9.734 GC heap before
{Heap before GC invocations=35 (full 2):
 PSYoungGen      total 17408K, used 17383K [0x00000000d5580000, 0x00000000d6b00000, 0x0000000100000000)
  eden space 14848K, 100% used [0x00000000d5580000,0x00000000d6400000,0x00000000d6400000)
  from space 2560K, 99% used [0x00000000d6880000,0x00000000d6af9c00,0x00000000d6b00000)
  to   space 3072K, 0% used [0x00000000d6500000,0x00000000d6500000,0x00000000d6800000)
 ParOldGen       total 68608K, used 56033K [0x0000000080000000, 0x0000000084300000, 0x00000000d5580000)
  object space 68608K, 81% used [0x0000000080000000,0x00000000836b8538,0x0000000084300000)
 Metaspace       used 50721K, committed 51968K, reserved 1114112K
  class space    used 5464K, committed 6016K, reserved 1048576K
}
Event: 9.739 GC heap after
{Heap after GC invocations=35 (full 2):
 PSYoungGen      total 17408K, used 2270K [0x00000000d5580000, 0x00000000d6900000, 0x0000000100000000)
  eden space 14848K, 0% used [0x00000000d5580000,0x00000000d5580000,0x00000000d6400000)
  from space 2560K, 88% used [0x00000000d6500000,0x00000000d6737858,0x00000000d6780000)
  to   space 1536K, 0% used [0x00000000d6780000,0x00000000d6780000,0x00000000d6900000)
 ParOldGen       total 68608K, used 58350K [0x0000000080000000, 0x0000000084300000, 0x00000000d5580000)
  object space 68608K, 85% used [0x0000000080000000,0x00000000838fb888,0x0000000084300000)
 Metaspace       used 50721K, committed 51968K, reserved 1114112K
  class space    used 5464K, committed 6016K, reserved 1048576K
}
Event: 9.842 GC heap before
{Heap before GC invocations=36 (full 2):
 PSYoungGen      total 17408K, used 17118K [0x00000000d5580000, 0x00000000d6900000, 0x0000000100000000)
  eden space 14848K, 100% used [0x00000000d5580000,0x00000000d6400000,0x00000000d6400000)
  from space 2560K, 88% used [0x00000000d6500000,0x00000000d6737858,0x00000000d6780000)
  to   space 1536K, 0% used [0x00000000d6780000,0x00000000d6780000,0x00000000d6900000)
 ParOldGen       total 68608K, used 58350K [0x0000000080000000, 0x0000000084300000, 0x00000000d5580000)
  object space 68608K, 85% used [0x0000000080000000,0x00000000838fb888,0x0000000084300000)
 Metaspace       used 51694K, committed 52992K, reserved 1114112K
  class space    used 5567K, committed 6144K, reserved 1048576K
}
Event: 9.847 GC heap after
{Heap after GC invocations=36 (full 2):
 PSYoungGen      total 15360K, used 1520K [0x00000000d5580000, 0x00000000d6d00000, 0x0000000100000000)
  eden space 13824K, 0% used [0x00000000d5580000,0x00000000d5580000,0x00000000d6300000)
  from space 1536K, 98% used [0x00000000d6780000,0x00000000d68fc040,0x00000000d6900000)
  to   space 4608K, 0% used [0x00000000d6300000,0x00000000d6300000,0x00000000d6780000)
 ParOldGen       total 68608K, used 61029K [0x0000000080000000, 0x0000000084300000, 0x00000000d5580000)
  object space 68608K, 88% used [0x0000000080000000,0x0000000083b99440,0x0000000084300000)
 Metaspace       used 51694K, committed 52992K, reserved 1114112K
  class space    used 5567K, committed 6144K, reserved 1048576K
}
Event: 9.954 GC heap before
{Heap before GC invocations=37 (full 2):
 PSYoungGen      total 15360K, used 15344K [0x00000000d5580000, 0x00000000d6d00000, 0x0000000100000000)
  eden space 13824K, 100% used [0x00000000d5580000,0x00000000d6300000,0x00000000d6300000)
  from space 1536K, 98% used [0x00000000d6780000,0x00000000d68fc040,0x00000000d6900000)
  to   space 4608K, 0% used [0x00000000d6300000,0x00000000d6300000,0x00000000d6780000)
 ParOldGen       total 68608K, used 61030K [0x0000000080000000, 0x0000000084300000, 0x00000000d5580000)
  object space 68608K, 88% used [0x0000000080000000,0x0000000083b99b08,0x0000000084300000)
 Metaspace       used 52238K, committed 53568K, reserved 1114112K
  class space    used 5647K, committed 6208K, reserved 1048576K
}
Event: 9.958 GC heap after
{Heap after GC invocations=37 (full 2):
 PSYoungGen      total 16384K, used 2367K [0x00000000d5580000, 0x00000000d6a00000, 0x0000000100000000)
  eden space 13824K, 0% used [0x00000000d5580000,0x00000000d5580000,0x00000000d6300000)
  from space 2560K, 92% used [0x00000000d6300000,0x00000000d654fde8,0x00000000d6580000)
  to   space 3072K, 0% used [0x00000000d6700000,0x00000000d6700000,0x00000000d6a00000)
 ParOldGen       total 68608K, used 62540K [0x0000000080000000, 0x0000000084300000, 0x00000000d5580000)
  object space 68608K, 91% used [0x0000000080000000,0x0000000083d130d8,0x0000000084300000)
 Metaspace       used 52238K, committed 53568K, reserved 1114112K
  class space    used 5647K, committed 6208K, reserved 1048576K
}
Event: 10.332 GC heap before
{Heap before GC invocations=38 (full 2):
 PSYoungGen      total 16384K, used 16191K [0x00000000d5580000, 0x00000000d6a00000, 0x0000000100000000)
  eden space 13824K, 100% used [0x00000000d5580000,0x00000000d6300000,0x00000000d6300000)
  from space 2560K, 92% used [0x00000000d6300000,0x00000000d654fde8,0x00000000d6580000)
  to   space 3072K, 0% used [0x00000000d6700000,0x00000000d6700000,0x00000000d6a00000)
 ParOldGen       total 68608K, used 62606K [0x0000000080000000, 0x0000000084300000, 0x00000000d5580000)
  object space 68608K, 91% used [0x0000000080000000,0x0000000083d23b80,0x0000000084300000)
 Metaspace       used 52538K, committed 53888K, reserved 1114112K
  class space    used 5707K, committed 6272K, reserved 1048576K
}
Event: 10.342 GC heap after
{Heap after GC invocations=38 (full 2):
 PSYoungGen      total 15360K, used 1330K [0x00000000d5580000, 0x00000000d6880000, 0x0000000100000000)
  eden space 13824K, 0% used [0x00000000d5580000,0x00000000d5580000,0x00000000d6300000)
  from space 1536K, 86% used [0x00000000d6700000,0x00000000d684c8d8,0x00000000d6880000)
  to   space 2048K, 0% used [0x00000000d6480000,0x00000000d6480000,0x00000000d6680000)
 ParOldGen       total 68608K, used 64724K [0x0000000080000000, 0x0000000084300000, 0x00000000d5580000)
  object space 68608K, 94% used [0x0000000080000000,0x0000000083f353e8,0x0000000084300000)
 Metaspace       used 52538K, committed 53888K, reserved 1114112K
  class space    used 5707K, committed 6272K, reserved 1048576K
}
Event: 10.866 GC heap before
{Heap before GC invocations=39 (full 2):
 PSYoungGen      total 15360K, used 15154K [0x00000000d5580000, 0x00000000d6880000, 0x0000000100000000)
  eden space 13824K, 100% used [0x00000000d5580000,0x00000000d6300000,0x00000000d6300000)
  from space 1536K, 86% used [0x00000000d6700000,0x00000000d684c8d8,0x00000000d6880000)
  to   space 2048K, 0% used [0x00000000d6480000,0x00000000d6480000,0x00000000d6680000)
 ParOldGen       total 68608K, used 64724K [0x0000000080000000, 0x0000000084300000, 0x00000000d5580000)
  object space 68608K, 94% used [0x0000000080000000,0x0000000083f353e8,0x0000000084300000)
 Metaspace       used 53086K, committed 54400K, reserved 1114112K
  class space    used 5754K, committed 6336K, reserved 1048576K
}

