# JRE version: OpenJDK Runtime Environment Temurin-21.0.11+10 (21.0.11+10) (build 21.0.11+10-LTS)
# Java VM: OpenJDK 64-Bit Server VM Temurin-21.0.11+10 (21.0.11+10-LTS, mixed mode, sharing, tiered, compressed oops, compressed class ptrs, parallel gc, windows-amd64)
GC Precious Log:
 CardTable entry size: 512
 CPUs: 8 total, 8 available
 Memory: 24465M
 Large Page Support: Disabled
 NUMA Support: Disabled
 Compressed Oops: Enabled (32-bit)
 Alignments: Space 512K, Generation 512K, Heap 2M
 Heap Min Capacity: 100M
 Heap Initial Capacity: 100M
 Heap Max Capacity: 2G
 Pre-touch: Disabled
 Parallel Workers: 8
Heap:
 PSYoungGen      total 3584K, used 1948K [0x00000000d5580000, 0x00000000d5b00000, 0x0000000100000000)
  eden space 3072K, 51% used [0x00000000d5580000,0x00000000d570f120,0x00000000d5880000)
  from space 512K, 68% used [0x00000000d5a80000,0x00000000d5ad8000,0x00000000d5b00000)
  to   space 1024K, 0% used [0x00000000d5900000,0x00000000d5900000,0x00000000d5a00000)
 ParOldGen       total 1139200K, used 1138834K [0x0000000080000000, 0x00000000c5880000, 0x00000000d5580000)
  object space 1139200K, 99% used [0x0000000080000000,0x00000000c5824a70,0x00000000c5880000)
 Metaspace       used 87983K, committed 90048K, reserved 1179648K
  class space    used 8694K, committed 9792K, reserved 1048576K
GC Heap History (20 events):
Event: 34738.974 GC heap before
{Heap before GC invocations=5871 (full 9):
 PSYoungGen      total 5120K, used 4832K [0x00000000d5580000, 0x00000000d5c00000, 0x0000000100000000)
  eden space 4608K, 100% used [0x00000000d5580000,0x00000000d5a00000,0x00000000d5a00000)
  from space 512K, 43% used [0x00000000d5b80000,0x00000000d5bb8000,0x00000000d5c00000)
  to   space 512K, 0% used [0x00000000d5a00000,0x00000000d5a00000,0x00000000d5a80000)
 ParOldGen       total 1133056K, used 1132765K [0x0000000080000000, 0x00000000c5280000, 0x00000000d5580000)
  object space 1133056K, 99% used [0x0000000080000000,0x00000000c52376e0,0x00000000c5280000)
 Metaspace       used 87898K, committed 89920K, reserved 1179648K
  class space    used 8692K, committed 9792K, reserved 1048576K
}
Event: 34738.986 GC heap after
{Heap after GC invocations=5871 (full 9):
 PSYoungGen      total 5120K, used 512K [0x00000000d5580000, 0x00000000d5c00000, 0x0000000100000000)
  eden space 4608K, 0% used [0x00000000d5580000,0x00000000d5580000,0x00000000d5a00000)
  from space 512K, 100% used [0x00000000d5a00000,0x00000000d5a80000,0x00000000d5a80000)
  to   space 1024K, 0% used [0x00000000d5b00000,0x00000000d5b00000,0x00000000d5c00000)
 ParOldGen       total 1133056K, used 1132846K [0x0000000080000000, 0x00000000c5280000, 0x00000000d5580000)
  object space 1133056K, 99% used [0x0000000080000000,0x00000000c524bac8,0x00000000c5280000)
 Metaspace       used 87898K, committed 89920K, reserved 1179648K
  class space    used 8692K, committed 9792K, reserved 1048576K
}
Event: 34738.999 GC heap before
{Heap before GC invocations=5872 (full 9):
 PSYoungGen      total 5120K, used 5120K [0x00000000d5580000, 0x00000000d5c00000, 0x0000000100000000)
  eden space 4608K, 100% used [0x00000000d5580000,0x00000000d5a00000,0x00000000d5a00000)
  from space 512K, 100% used [0x00000000d5a00000,0x00000000d5a80000,0x00000000d5a80000)
  to   space 1024K, 0% used [0x00000000d5b00000,0x00000000d5b00000,0x00000000d5c00000)
 ParOldGen       total 1133056K, used 1132846K [0x0000000080000000, 0x00000000c5280000, 0x00000000d5580000)
  object space 1133056K, 99% used [0x0000000080000000,0x00000000c524bac8,0x00000000c5280000)
 Metaspace       used 87898K, committed 89920K, reserved 1179648K
  class space    used 8692K, committed 9792K, reserved 1048576K
}
Event: 34739.003 GC heap after
{Heap after GC invocations=5872 (full 9):
 PSYoungGen      total 5632K, used 576K [0x00000000d5580000, 0x00000000d5c00000, 0x0000000100000000)
  eden space 4608K, 0% used [0x00000000d5580000,0x00000000d5580000,0x00000000d5a00000)
  from space 1024K, 56% used [0x00000000d5b00000,0x00000000d5b90000,0x00000000d5c00000)
  to   space 1024K, 0% used [0x00000000d5a00000,0x00000000d5a00000,0x00000000d5b00000)
 ParOldGen       total 1133568K, used 1133354K [0x0000000080000000, 0x00000000c5300000, 0x00000000d5580000)
  object space 1133568K, 99% used [0x0000000080000000,0x00000000c52caaf8,0x00000000c5300000)
 Metaspace       used 87898K, committed 89920K, reserved 1179648K
  class space    used 8692K, committed 9792K, reserved 1048576K
}
Event: 34739.045 GC heap before
{Heap before GC invocations=5873 (full 9):
 PSYoungGen      total 5632K, used 5184K [0x00000000d5580000, 0x00000000d5c00000, 0x0000000100000000)
  eden space 4608K, 100% used [0x00000000d5580000,0x00000000d5a00000,0x00000000d5a00000)
  from space 1024K, 56% used [0x00000000d5b00000,0x00000000d5b90000,0x00000000d5c00000)
  to   space 1024K, 0% used [0x00000000d5a00000,0x00000000d5a00000,0x00000000d5b00000)
 ParOldGen       total 1133568K, used 1133354K [0x0000000080000000, 0x00000000c5300000, 0x00000000d5580000)
  object space 1133568K, 99% used [0x0000000080000000,0x00000000c52caaf8,0x00000000c5300000)
 Metaspace       used 87898K, committed 89920K, reserved 1179648K
  class space    used 8692K, committed 9792K, reserved 1048576K
}
Event: 34739.049 GC heap after
{Heap after GC invocations=5873 (full 9):
 PSYoungGen      total 5632K, used 576K [0x00000000d5580000, 0x00000000d5c00000, 0x0000000100000000)
  eden space 4608K, 0% used [0x00000000d5580000,0x00000000d5580000,0x00000000d5a00000)
  from space 1024K, 56% used [0x00000000d5a00000,0x00000000d5a90000,0x00000000d5b00000)
  to   space 1024K, 0% used [0x00000000d5b00000,0x00000000d5b00000,0x00000000d5c00000)
 ParOldGen       total 1134080K, used 1133626K [0x0000000080000000, 0x00000000c5380000, 0x00000000d5580000)
  object space 1134080K, 99% used [0x0000000080000000,0x00000000c530eaf8,0x00000000c5380000)
 Metaspace       used 87898K, committed 89920K, reserved 1179648K
  class space    used 8692K, committed 9792K, reserved 1048576K
}
Event: 34739.217 GC heap before
{Heap before GC invocations=5874 (full 9):
 PSYoungGen      total 5632K, used 5184K [0x00000000d5580000, 0x00000000d5c00000, 0x0000000100000000)
  eden space 4608K, 100% used [0x00000000d5580000,0x00000000d5a00000,0x00000000d5a00000)
  from space 1024K, 56% used [0x00000000d5a00000,0x00000000d5a90000,0x00000000d5b00000)
  to   space 1024K, 0% used [0x00000000d5b00000,0x00000000d5b00000,0x00000000d5c00000)
 ParOldGen       total 1134080K, used 1133626K [0x0000000080000000, 0x00000000c5380000, 0x00000000d5580000)
  object space 1134080K, 99% used [0x0000000080000000,0x00000000c530eaf8,0x00000000c5380000)
 Metaspace       used 87903K, committed 89920K, reserved 1179648K
  class space    used 8692K, committed 9792K, reserved 1048576K
}
Event: 34739.220 GC heap after
{Heap after GC invocations=5874 (full 9):
 PSYoungGen      total 5120K, used 448K [0x00000000d5580000, 0x00000000d5b80000, 0x0000000100000000)
  eden space 4608K, 0% used [0x00000000d5580000,0x00000000d5580000,0x00000000d5a00000)
  from space 512K, 87% used [0x00000000d5b00000,0x00000000d5b70000,0x00000000d5b80000)
  to   space 512K, 0% used [0x00000000d5a80000,0x00000000d5a80000,0x00000000d5b00000)
 ParOldGen       total 1134080K, used 1133906K [0x0000000080000000, 0x00000000c5380000, 0x00000000d5580000)
  object space 1134080K, 99% used [0x0000000080000000,0x00000000c5354af8,0x00000000c5380000)
 Metaspace       used 87903K, committed 89920K, reserved 1179648K
  class space    used 8692K, committed 9792K, reserved 1048576K
}
Event: 34739.414 GC heap before
{Heap before GC invocations=5875 (full 9):
 PSYoungGen      total 5120K, used 5056K [0x00000000d5580000, 0x00000000d5b80000, 0x0000000100000000)
  eden space 4608K, 100% used [0x00000000d5580000,0x00000000d5a00000,0x00000000d5a00000)
  from space 512K, 87% used [0x00000000d5b00000,0x00000000d5b70000,0x00000000d5b80000)
  to   space 512K, 0% used [0x00000000d5a80000,0x00000000d5a80000,0x00000000d5b00000)
 ParOldGen       total 1134080K, used 1133906K [0x0000000080000000, 0x00000000c5380000, 0x00000000d5580000)
  object space 1134080K, 99% used [0x0000000080000000,0x00000000c5354af8,0x00000000c5380000)
 Metaspace       used 87920K, committed 89984K, reserved 1179648K
  class space    used 8692K, committed 9792K, reserved 1048576K
}
Event: 34739.418 GC heap after
{Heap after GC invocations=5875 (full 9):
 PSYoungGen      total 5120K, used 505K [0x00000000d5580000, 0x00000000d5d00000, 0x0000000100000000)
  eden space 4608K, 0% used [0x00000000d5580000,0x00000000d5580000,0x00000000d5a00000)
  from space 512K, 98% used [0x00000000d5a80000,0x00000000d5afe680,0x00000000d5b00000)
  to   space 1536K, 0% used [0x00000000d5b80000,0x00000000d5b80000,0x00000000d5d00000)
 ParOldGen       total 1134592K, used 1134481K [0x0000000080000000, 0x00000000c5400000, 0x00000000d5580000)
  object space 1134592K, 99% used [0x0000000080000000,0x00000000c53e47d8,0x00000000c5400000)
 Metaspace       used 87920K, committed 89984K, reserved 1179648K
  class space    used 8692K, committed 9792K, reserved 1048576K
}
Event: 34739.519 GC heap before
{Heap before GC invocations=5876 (full 9):
 PSYoungGen      total 5120K, used 5070K [0x00000000d5580000, 0x00000000d5d00000, 0x0000000100000000)
  eden space 4608K, 99% used [0x00000000d5580000,0x00000000d59f53a0,0x00000000d5a00000)
  from space 512K, 98% used [0x00000000d5a80000,0x00000000d5afe680,0x00000000d5b00000)
  to   space 1536K, 0% used [0x00000000d5b80000,0x00000000d5b80000,0x00000000d5d00000)
 ParOldGen       total 1134592K, used 1134481K [0x0000000080000000, 0x00000000c5400000, 0x00000000d5580000)
  object space 1134592K, 99% used [0x0000000080000000,0x00000000c53e47d8,0x00000000c5400000)
 Metaspace       used 87939K, committed 89984K, reserved 1179648K
  class space    used 8693K, committed 9792K, reserved 1048576K
}
Event: 34739.525 GC heap after
{Heap after GC invocations=5876 (full 9):
 PSYoungGen      total 6144K, used 1264K [0x00000000d5580000, 0x00000000d5d00000, 0x0000000100000000)
  eden space 4608K, 0% used [0x00000000d5580000,0x00000000d5580000,0x00000000d5a00000)
  from space 1536K, 82% used [0x00000000d5b80000,0x00000000d5cbc070,0x00000000d5d00000)
  to   space 1536K, 0% used [0x00000000d5a00000,0x00000000d5a00000,0x00000000d5b80000)
 ParOldGen       total 1135104K, used 1134886K [0x0000000080000000, 0x00000000c5480000, 0x00000000d5580000)
  object space 1135104K, 99% used [0x0000000080000000,0x00000000c5449b20,0x00000000c5480000)
 Metaspace       used 87939K, committed 89984K, reserved 1179648K
  class space    used 8693K, committed 9792K, reserved 1048576K
}
Event: 34739.756 GC heap before
{Heap before GC invocations=5877 (full 9):
 PSYoungGen      total 6144K, used 5872K [0x00000000d5580000, 0x00000000d5d00000, 0x0000000100000000)
  eden space 4608K, 100% used [0x00000000d5580000,0x00000000d5a00000,0x00000000d5a00000)
  from space 1536K, 82% used [0x00000000d5b80000,0x00000000d5cbc070,0x00000000d5d00000)
  to   space 1536K, 0% used [0x00000000d5a00000,0x00000000d5a00000,0x00000000d5b80000)
 ParOldGen       total 1135104K, used 1134886K [0x0000000080000000, 0x00000000c5480000, 0x00000000d5580000)
  object space 1135104K, 99% used [0x0000000080000000,0x00000000c5449b20,0x00000000c5480000)
 Metaspace       used 87961K, committed 90048K, reserved 1179648K
  class space    used 8693K, committed 9792K, reserved 1048576K
}
Event: 34739.762 GC heap after
{Heap after GC invocations=5877 (full 9):
 PSYoungGen      total 6144K, used 960K [0x00000000d5580000, 0x00000000d5d00000, 0x0000000100000000)
  eden space 4608K, 0% used [0x00000000d5580000,0x00000000d5580000,0x00000000d5a00000)
  from space 1536K, 62% used [0x00000000d5a00000,0x00000000d5af0000,0x00000000d5b80000)
  to   space 1536K, 0% used [0x00000000d5b80000,0x00000000d5b80000,0x00000000d5d00000)
 ParOldGen       total 1136128K, used 1135928K [0x0000000080000000, 0x00000000c5580000, 0x00000000d5580000)
  object space 1136128K, 99% used [0x0000000080000000,0x00000000c554e1f0,0x00000000c5580000)
 Metaspace       used 87961K, committed 90048K, reserved 1179648K
  class space    used 8693K, committed 9792K, reserved 1048576K
}
Event: 34739.833 GC heap before
{Heap before GC invocations=5878 (full 9):
 PSYoungGen      total 6144K, used 5568K [0x00000000d5580000, 0x00000000d5d00000, 0x0000000100000000)
  eden space 4608K, 100% used [0x00000000d5580000,0x00000000d5a00000,0x00000000d5a00000)
  from space 1536K, 62% used [0x00000000d5a00000,0x00000000d5af0000,0x00000000d5b80000)
  to   space 1536K, 0% used [0x00000000d5b80000,0x00000000d5b80000,0x00000000d5d00000)
 ParOldGen       total 1136128K, used 1135928K [0x0000000080000000, 0x00000000c5580000, 0x00000000d5580000)
  object space 1136128K, 99% used [0x0000000080000000,0x00000000c554e1f0,0x00000000c5580000)
 Metaspace       used 87974K, committed 90048K, reserved 1179648K
  class space    used 8693K, committed 9792K, reserved 1048576K
}
Event: 34739.838 GC heap after
{Heap after GC invocations=5878 (full 9):
 PSYoungGen      total 4608K, used 1528K [0x00000000d5580000, 0x00000000d6000000, 0x0000000100000000)
  eden space 3072K, 0% used [0x00000000d5580000,0x00000000d5580000,0x00000000d5880000)
  from space 1536K, 99% used [0x00000000d5b80000,0x00000000d5cfe078,0x00000000d5d00000)
  to   space 3072K, 0% used [0x00000000d5880000,0x00000000d5880000,0x00000000d5b80000)
 ParOldGen       total 1137152K, used 1136904K [0x0000000080000000, 0x00000000c5680000, 0x00000000d5580000)
  object space 1137152K, 99% used [0x0000000080000000,0x00000000c5642220,0x00000000c5680000)
 Metaspace       used 87974K, committed 90048K, reserved 1179648K
  class space    used 8693K, committed 9792K, reserved 1048576K
}
Event: 34739.905 GC heap before
{Heap before GC invocations=5879 (full 9):
 PSYoungGen      total 4608K, used 4600K [0x00000000d5580000, 0x00000000d6000000, 0x0000000100000000)
  eden space 3072K, 100% used [0x00000000d5580000,0x00000000d5880000,0x00000000d5880000)
  from space 1536K, 99% used [0x00000000d5b80000,0x00000000d5cfe078,0x00000000d5d00000)
  to   space 3072K, 0% used [0x00000000d5880000,0x00000000d5880000,0x00000000d5b80000)
 ParOldGen       total 1137152K, used 1136904K [0x0000000080000000, 0x00000000c5680000, 0x00000000d5580000)
  object space 1137152K, 99% used [0x0000000080000000,0x00000000c5642220,0x00000000c5680000)
 Metaspace       used 87974K, committed 90048K, reserved 1179648K
  class space    used 8693K, committed 9792K, reserved 1048576K
}
Event: 34739.911 GC heap after
{Heap after GC invocations=5879 (full 9):
 PSYoungGen      total 4096K, used 640K [0x00000000d5580000, 0x00000000d5c00000, 0x0000000100000000)
  eden space 3072K, 0% used [0x00000000d5580000,0x00000000d5580000,0x00000000d5880000)
  from space 1024K, 62% used [0x00000000d5880000,0x00000000d5920000,0x00000000d5980000)
  to   space 1536K, 0% used [0x00000000d5a80000,0x00000000d5a80000,0x00000000d5c00000)
 ParOldGen       total 1138688K, used 1138366K [0x0000000080000000, 0x00000000c5800000, 0x00000000d5580000)
  object space 1138688K, 99% used [0x0000000080000000,0x00000000c57afa60,0x00000000c5800000)
 Metaspace       used 87974K, committed 90048K, reserved 1179648K
  class space    used 8693K, committed 9792K, reserved 1048576K
}
Event: 34740.212 GC heap before
{Heap before GC invocations=5880 (full 9):
 PSYoungGen      total 4096K, used 3712K [0x00000000d5580000, 0x00000000d5c00000, 0x0000000100000000)
  eden space 3072K, 100% used [0x00000000d5580000,0x00000000d5880000,0x00000000d5880000)
  from space 1024K, 62% used [0x00000000d5880000,0x00000000d5920000,0x00000000d5980000)
  to   space 1536K, 0% used [0x00000000d5a80000,0x00000000d5a80000,0x00000000d5c00000)
 ParOldGen       total 1138688K, used 1138366K [0x0000000080000000, 0x00000000c5800000, 0x00000000d5580000)
  object space 1138688K, 99% used [0x0000000080000000,0x00000000c57afa60,0x00000000c5800000)
 Metaspace       used 87980K, committed 90048K, reserved 1179648K
  class space    used 8693K, committed 9792K, reserved 1048576K
}
Event: 34740.216 GC heap after
{Heap after GC invocations=5880 (full 9):
 PSYoungGen      total 3584K, used 352K [0x00000000d5580000, 0x00000000d5b00000, 0x0000000100000000)
  eden space 3072K, 0% used [0x00000000d5580000,0x00000000d5580000,0x00000000d5880000)
  from space 512K, 68% used [0x00000000d5a80000,0x00000000d5ad8000,0x00000000d5b00000)
  to   space 1024K, 0% used [0x00000000d5900000,0x00000000d5900000,0x00000000d5a00000)
 ParOldGen       total 1139200K, used 1138834K [0x0000000080000000, 0x00000000c5880000, 0x00000000d5580000)
  object space 1139200K, 99% used [0x0000000080000000,0x00000000c5824a70,0x00000000c5880000)
 Metaspace       used 87980K, committed 90048K, reserved 1179648K
  class space    used 8693K, committed 9792K, reserved 1048576K
}

