# JRE version: OpenJDK Runtime Environment Temurin-21.0.11+10 (21.0.11+10) (build 21.0.11+10-LTS)
# Java VM: OpenJDK 64-Bit Server VM Temurin-21.0.11+10 (21.0.11+10-LTS, mixed mode, sharing, tiered, compressed oops, compressed class ptrs, parallel gc, windows-amd64)
GC Precious Log:
 CardTable entry size: 512
 CPUs: 8 total, 8 available
 Memory: 24465M
 Large Page Support: Disabled
 NUMA Support: Disabled
 Compressed Oops: Enabled (32-bit)
 Alignments: Space 512K, Generation 512K, Heap 2M
 Heap Min Capacity: 100M
 Heap Initial Capacity: 100M
 Heap Max Capacity: 2G
 Pre-touch: Disabled
 Parallel Workers: 8
Heap:
 PSYoungGen      total 12288K, used 11666K [0x00000000d5580000, 0x00000000d6480000, 0x0000000100000000)
  eden space 10240K, 94% used [0x00000000d5580000,0x00000000d5eedb70,0x00000000d5f80000)
  from space 2048K, 98% used [0x00000000d6280000,0x00000000d6477050,0x00000000d6480000)
  to   space 2560K, 0% used [0x00000000d5f80000,0x00000000d5f80000,0x00000000d6200000)
 ParOldGen       total 85504K, used 85445K [0x0000000080000000, 0x0000000085380000, 0x00000000d5580000)
  object space 85504K, 99% used [0x0000000080000000,0x0000000085371520,0x0000000085380000)
 Metaspace       used 57812K, committed 59200K, reserved 1114112K
  class space    used 6182K, committed 6848K, reserved 1048576K
GC Heap History (20 events):
Event: 34.094 GC heap before
{Heap before GC invocations=41 (full 2):
 PSYoungGen      total 17920K, used 17478K [0x00000000d5580000, 0x00000000d6d80000, 0x0000000100000000)
  eden space 14848K, 100% used [0x00000000d5580000,0x00000000d6400000,0x00000000d6400000)
  from space 3072K, 85% used [0x00000000d6a80000,0x00000000d6d119a0,0x00000000d6d80000)
  to   space 4096K, 0% used [0x00000000d6580000,0x00000000d6580000,0x00000000d6980000)
 ParOldGen       total 68608K, used 63778K [0x0000000080000000, 0x0000000084300000, 0x00000000d5580000)
  object space 68608K, 92% used [0x0000000080000000,0x0000000083e48b08,0x0000000084300000)
 Metaspace       used 56289K, committed 57664K, reserved 1114112K
  class space    used 6054K, committed 6720K, reserved 1048576K
}
Event: 34.098 GC heap after
{Heap after GC invocations=41 (full 2):
 PSYoungGen      total 18944K, used 3916K [0x00000000d5580000, 0x00000000d6d00000, 0x0000000100000000)
  eden space 14848K, 0% used [0x00000000d5580000,0x00000000d5580000,0x00000000d6400000)
  from space 4096K, 95% used [0x00000000d6580000,0x00000000d69530c0,0x00000000d6980000)
  to   space 3584K, 0% used [0x00000000d6980000,0x00000000d6980000,0x00000000d6d00000)
 ParOldGen       total 68608K, used 66242K [0x0000000080000000, 0x0000000084300000, 0x00000000d5580000)
  object space 68608K, 96% used [0x0000000080000000,0x00000000840b09c0,0x0000000084300000)
 Metaspace       used 56289K, committed 57664K, reserved 1114112K
  class space    used 6054K, committed 6720K, reserved 1048576K
}
Event: 34.178 GC heap before
{Heap before GC invocations=42 (full 2):
 PSYoungGen      total 18944K, used 18764K [0x00000000d5580000, 0x00000000d6d00000, 0x0000000100000000)
  eden space 14848K, 100% used [0x00000000d5580000,0x00000000d6400000,0x00000000d6400000)
  from space 4096K, 95% used [0x00000000d6580000,0x00000000d69530c0,0x00000000d6980000)
  to   space 3584K, 0% used [0x00000000d6980000,0x00000000d6980000,0x00000000d6d00000)
 ParOldGen       total 68608K, used 66242K [0x0000000080000000, 0x0000000084300000, 0x00000000d5580000)
  object space 68608K, 96% used [0x0000000080000000,0x00000000840b09c0,0x0000000084300000)
 Metaspace       used 56326K, committed 57728K, reserved 1114112K
  class space    used 6054K, committed 6720K, reserved 1048576K
}
Event: 34.184 GC heap after
{Heap after GC invocations=42 (full 2):
 PSYoungGen      total 15872K, used 3566K [0x00000000d5580000, 0x00000000d7400000, 0x0000000100000000)
  eden space 12288K, 0% used [0x00000000d5580000,0x00000000d5580000,0x00000000d6180000)
  from space 3584K, 99% used [0x00000000d6980000,0x00000000d6cfb8f0,0x00000000d6d00000)
  to   space 8192K, 0% used [0x00000000d6180000,0x00000000d6180000,0x00000000d6980000)
 ParOldGen       total 70144K, used 70106K [0x0000000080000000, 0x0000000084480000, 0x00000000d5580000)
  object space 70144K, 99% used [0x0000000080000000,0x0000000084476870,0x0000000084480000)
 Metaspace       used 56326K, committed 57728K, reserved 1114112K
  class space    used 6054K, committed 6720K, reserved 1048576K
}
Event: 34.269 GC heap before
{Heap before GC invocations=43 (full 2):
 PSYoungGen      total 15872K, used 15854K [0x00000000d5580000, 0x00000000d7400000, 0x0000000100000000)
  eden space 12288K, 100% used [0x00000000d5580000,0x00000000d6180000,0x00000000d6180000)
  from space 3584K, 99% used [0x00000000d6980000,0x00000000d6cfb8f0,0x00000000d6d00000)
  to   space 8192K, 0% used [0x00000000d6180000,0x00000000d6180000,0x00000000d6980000)
 ParOldGen       total 70144K, used 70106K [0x0000000080000000, 0x0000000084480000, 0x00000000d5580000)
  object space 70144K, 99% used [0x0000000080000000,0x0000000084476870,0x0000000084480000)
 Metaspace       used 56427K, committed 57792K, reserved 1114112K
  class space    used 6062K, committed 6720K, reserved 1048576K
}
Event: 34.273 GC heap after
{Heap after GC invocations=43 (full 2):
 PSYoungGen      total 14336K, used 1843K [0x00000000d5580000, 0x00000000d6a00000, 0x0000000100000000)
  eden space 12288K, 0% used [0x00000000d5580000,0x00000000d5580000,0x00000000d6180000)
  from space 2048K, 90% used [0x00000000d6180000,0x00000000d634cf00,0x00000000d6380000)
  to   space 4096K, 0% used [0x00000000d6600000,0x00000000d6600000,0x00000000d6a00000)
 ParOldGen       total 72192K, used 71952K [0x0000000080000000, 0x0000000084680000, 0x00000000d5580000)
  object space 72192K, 99% used [0x0000000080000000,0x00000000846442d8,0x0000000084680000)
 Metaspace       used 56427K, committed 57792K, reserved 1114112K
  class space    used 6062K, committed 6720K, reserved 1048576K
}
Event: 34.415 GC heap before
{Heap before GC invocations=44 (full 2):
 PSYoungGen      total 14336K, used 14131K [0x00000000d5580000, 0x00000000d6a00000, 0x0000000100000000)
  eden space 12288K, 100% used [0x00000000d5580000,0x00000000d6180000,0x00000000d6180000)
  from space 2048K, 90% used [0x00000000d6180000,0x00000000d634cf00,0x00000000d6380000)
  to   space 4096K, 0% used [0x00000000d6600000,0x00000000d6600000,0x00000000d6a00000)
 ParOldGen       total 72192K, used 71952K [0x0000000080000000, 0x0000000084680000, 0x00000000d5580000)
  object space 72192K, 99% used [0x0000000080000000,0x00000000846442d8,0x0000000084680000)
 Metaspace       used 56499K, committed 57856K, reserved 1114112K
  class space    used 6074K, committed 6720K, reserved 1048576K
}
Event: 34.418 GC heap after
{Heap after GC invocations=44 (full 2):
 PSYoungGen      total 13824K, used 1488K [0x00000000d5580000, 0x00000000d6780000, 0x0000000100000000)
  eden space 12288K, 0% used [0x00000000d5580000,0x00000000d5580000,0x00000000d6180000)
  from space 1536K, 96% used [0x00000000d6600000,0x00000000d6774018,0x00000000d6780000)
  to   space 2048K, 0% used [0x00000000d6380000,0x00000000d6380000,0x00000000d6580000)
 ParOldGen       total 73728K, used 73543K [0x0000000080000000, 0x0000000084800000, 0x00000000d5580000)
  object space 73728K, 99% used [0x0000000080000000,0x00000000847d1c80,0x0000000084800000)
 Metaspace       used 56499K, committed 57856K, reserved 1114112K
  class space    used 6074K, committed 6720K, reserved 1048576K
}
Event: 34.630 GC heap before
{Heap before GC invocations=45 (full 2):
 PSYoungGen      total 13824K, used 13775K [0x00000000d5580000, 0x00000000d6780000, 0x0000000100000000)
  eden space 12288K, 99% used [0x00000000d5580000,0x00000000d617ffc8,0x00000000d6180000)
  from space 1536K, 96% used [0x00000000d6600000,0x00000000d6774018,0x00000000d6780000)
  to   space 2048K, 0% used [0x00000000d6380000,0x00000000d6380000,0x00000000d6580000)
 ParOldGen       total 73728K, used 73543K [0x0000000080000000, 0x0000000084800000, 0x00000000d5580000)
  object space 73728K, 99% used [0x0000000080000000,0x00000000847d1c80,0x0000000084800000)
 Metaspace       used 56654K, committed 58048K, reserved 1114112K
  class space    used 6085K, committed 6720K, reserved 1048576K
}
Event: 34.634 GC heap after
{Heap after GC invocations=45 (full 2):
 PSYoungGen      total 14336K, used 2047K [0x00000000d5580000, 0x00000000d6980000, 0x0000000100000000)
  eden space 12288K, 0% used [0x00000000d5580000,0x00000000d5580000,0x00000000d6180000)
  from space 2048K, 99% used [0x00000000d6380000,0x00000000d657fdd8,0x00000000d6580000)
  to   space 4096K, 0% used [0x00000000d6580000,0x00000000d6580000,0x00000000d6980000)
 ParOldGen       total 75264K, used 75160K [0x0000000080000000, 0x0000000084980000, 0x00000000d5580000)
  object space 75264K, 99% used [0x0000000080000000,0x00000000849661d8,0x0000000084980000)
 Metaspace       used 56654K, committed 58048K, reserved 1114112K
  class space    used 6085K, committed 6720K, reserved 1048576K
}
Event: 34.784 GC heap before
{Heap before GC invocations=46 (full 2):
 PSYoungGen      total 14336K, used 14335K [0x00000000d5580000, 0x00000000d6980000, 0x0000000100000000)
  eden space 12288K, 100% used [0x00000000d5580000,0x00000000d6180000,0x00000000d6180000)
  from space 2048K, 99% used [0x00000000d6380000,0x00000000d657fdd8,0x00000000d6580000)
  to   space 4096K, 0% used [0x00000000d6580000,0x00000000d6580000,0x00000000d6980000)
 ParOldGen       total 75264K, used 75160K [0x0000000080000000, 0x0000000084980000, 0x00000000d5580000)
  object space 75264K, 99% used [0x0000000080000000,0x00000000849661d8,0x0000000084980000)
 Metaspace       used 57225K, committed 58624K, reserved 1114112K
  class space    used 6142K, committed 6784K, reserved 1048576K
}
Event: 34.788 GC heap after
{Heap after GC invocations=46 (full 2):
 PSYoungGen      total 14848K, used 2422K [0x00000000d5580000, 0x00000000d6800000, 0x0000000100000000)
  eden space 12288K, 0% used [0x00000000d5580000,0x00000000d5580000,0x00000000d6180000)
  from space 2560K, 94% used [0x00000000d6580000,0x00000000d67dda40,0x00000000d6800000)
  to   space 3072K, 0% used [0x00000000d6200000,0x00000000d6200000,0x00000000d6500000)
 ParOldGen       total 77312K, used 77147K [0x0000000080000000, 0x0000000084b80000, 0x00000000d5580000)
  object space 77312K, 99% used [0x0000000080000000,0x0000000084b56df0,0x0000000084b80000)
 Metaspace       used 57225K, committed 58624K, reserved 1114112K
  class space    used 6142K, committed 6784K, reserved 1048576K
}
Event: 34.987 GC heap before
{Heap before GC invocations=47 (full 2):
 PSYoungGen      total 14848K, used 14710K [0x00000000d5580000, 0x00000000d6800000, 0x0000000100000000)
  eden space 12288K, 100% used [0x00000000d5580000,0x00000000d6180000,0x00000000d6180000)
  from space 2560K, 94% used [0x00000000d6580000,0x00000000d67dda40,0x00000000d6800000)
  to   space 3072K, 0% used [0x00000000d6200000,0x00000000d6200000,0x00000000d6500000)
 ParOldGen       total 77312K, used 77147K [0x0000000080000000, 0x0000000084b80000, 0x00000000d5580000)
  object space 77312K, 99% used [0x0000000080000000,0x0000000084b56df0,0x0000000084b80000)
 Metaspace       used 57621K, committed 59008K, reserved 1114112K
  class space    used 6181K, committed 6848K, reserved 1048576K
}
Event: 34.991 GC heap after
{Heap after GC invocations=47 (full 2):
 PSYoungGen      total 14848K, used 2180K [0x00000000d5580000, 0x00000000d6680000, 0x0000000100000000)
  eden space 12288K, 0% used [0x00000000d5580000,0x00000000d5580000,0x00000000d6180000)
  from space 2560K, 85% used [0x00000000d6200000,0x00000000d6421250,0x00000000d6480000)
  to   space 2048K, 0% used [0x00000000d6480000,0x00000000d6480000,0x00000000d6680000)
 ParOldGen       total 79872K, used 79435K [0x0000000080000000, 0x0000000084e00000, 0x00000000d5580000)
  object space 79872K, 99% used [0x0000000080000000,0x0000000084d92da8,0x0000000084e00000)
 Metaspace       used 57621K, committed 59008K, reserved 1114112K
  class space    used 6181K, committed 6848K, reserved 1048576K
}
Event: 35.096 GC heap before
{Heap before GC invocations=48 (full 2):
 PSYoungGen      total 14848K, used 14468K [0x00000000d5580000, 0x00000000d6680000, 0x0000000100000000)
  eden space 12288K, 100% used [0x00000000d5580000,0x00000000d6180000,0x00000000d6180000)
  from space 2560K, 85% used [0x00000000d6200000,0x00000000d6421250,0x00000000d6480000)
  to   space 2048K, 0% used [0x00000000d6480000,0x00000000d6480000,0x00000000d6680000)
 ParOldGen       total 79872K, used 79435K [0x0000000080000000, 0x0000000084e00000, 0x00000000d5580000)
  object space 79872K, 99% used [0x0000000080000000,0x0000000084d92da8,0x0000000084e00000)
 Metaspace       used 57697K, committed 59072K, reserved 1114112K
  class space    used 6182K, committed 6848K, reserved 1048576K
}
Event: 35.101 GC heap after
{Heap after GC invocations=48 (full 2):
 PSYoungGen      total 12288K, used 2037K [0x00000000d5580000, 0x00000000d6b80000, 0x0000000100000000)
  eden space 10240K, 0% used [0x00000000d5580000,0x00000000d5580000,0x00000000d5f80000)
  from space 2048K, 99% used [0x00000000d6480000,0x00000000d667d4d8,0x00000000d6680000)
  to   space 5120K, 0% used [0x00000000d5f80000,0x00000000d5f80000,0x00000000d6480000)
 ParOldGen       total 81920K, used 81764K [0x0000000080000000, 0x0000000085000000, 0x00000000d5580000)
  object space 81920K, 99% used [0x0000000080000000,0x0000000084fd9368,0x0000000085000000)
 Metaspace       used 57697K, committed 59072K, reserved 1114112K
  class space    used 6182K, committed 6848K, reserved 1048576K
}
Event: 35.187 GC heap before
{Heap before GC invocations=49 (full 2):
 PSYoungGen      total 12288K, used 12266K [0x00000000d5580000, 0x00000000d6b80000, 0x0000000100000000)
  eden space 10240K, 99% used [0x00000000d5580000,0x00000000d5f7d5f8,0x00000000d5f80000)
  from space 2048K, 99% used [0x00000000d6480000,0x00000000d667d4d8,0x00000000d6680000)
  to   space 5120K, 0% used [0x00000000d5f80000,0x00000000d5f80000,0x00000000d6480000)
 ParOldGen       total 81920K, used 81764K [0x0000000080000000, 0x0000000085000000, 0x00000000d5580000)
  object space 81920K, 99% used [0x0000000080000000,0x0000000084fd9368,0x0000000085000000)
 Metaspace       used 57743K, committed 59136K, reserved 1114112K
  class space    used 6182K, committed 6848K, reserved 1048576K
}
Event: 35.191 GC heap after
{Heap after GC invocations=49 (full 2):
 PSYoungGen      total 12288K, used 1870K [0x00000000d5580000, 0x00000000d6580000, 0x0000000100000000)
  eden space 10240K, 0% used [0x00000000d5580000,0x00000000d5580000,0x00000000d5f80000)
  from space 2048K, 91% used [0x00000000d5f80000,0x00000000d6153b18,0x00000000d6180000)
  to   space 3072K, 0% used [0x00000000d6280000,0x00000000d6280000,0x00000000d6580000)
 ParOldGen       total 83968K, used 83690K [0x0000000080000000, 0x0000000085200000, 0x00000000d5580000)
  object space 83968K, 99% used [0x0000000080000000,0x00000000851bab28,0x0000000085200000)
 Metaspace       used 57743K, committed 59136K, reserved 1114112K
  class space    used 6182K, committed 6848K, reserved 1048576K
}
Event: 35.274 GC heap before
{Heap before GC invocations=50 (full 2):
 PSYoungGen      total 12288K, used 12110K [0x00000000d5580000, 0x00000000d6580000, 0x0000000100000000)
  eden space 10240K, 100% used [0x00000000d5580000,0x00000000d5f80000,0x00000000d5f80000)
  from space 2048K, 91% used [0x00000000d5f80000,0x00000000d6153b18,0x00000000d6180000)
  to   space 3072K, 0% used [0x00000000d6280000,0x00000000d6280000,0x00000000d6580000)
 ParOldGen       total 83968K, used 83690K [0x0000000080000000, 0x0000000085200000, 0x00000000d5580000)
  object space 83968K, 99% used [0x0000000080000000,0x00000000851bab28,0x0000000085200000)
 Metaspace       used 57764K, committed 59200K, reserved 1114112K
  class space    used 6182K, committed 6848K, reserved 1048576K
}
Event: 35.277 GC heap after
{Heap after GC invocations=50 (full 2):
 PSYoungGen      total 12288K, used 2012K [0x00000000d5580000, 0x00000000d6480000, 0x0000000100000000)
  eden space 10240K, 0% used [0x00000000d5580000,0x00000000d5580000,0x00000000d5f80000)
  from space 2048K, 98% used [0x00000000d6280000,0x00000000d6477050,0x00000000d6480000)
  to   space 2560K, 0% used [0x00000000d5f80000,0x00000000d5f80000,0x00000000d6200000)
 ParOldGen       total 85504K, used 85445K [0x0000000080000000, 0x0000000085380000, 0x00000000d5580000)
  object space 85504K, 99% used [0x0000000080000000,0x0000000085371520,0x0000000085380000)
 Metaspace       used 57764K, committed 59200K, reserved 1114112K
  class space    used 6182K, committed 6848K, reserved 1048576K
}

