# JRE version: OpenJDK Runtime Environment Temurin-21.0.11+10 (21.0.11+10) (build 21.0.11+10-LTS)
# Java VM: OpenJDK 64-Bit Server VM Temurin-21.0.11+10 (21.0.11+10-LTS, mixed mode, sharing, tiered, compressed oops, compressed class ptrs, parallel gc, windows-amd64)
GC Precious Log:
 CardTable entry size: 512
 CPUs: 8 total, 8 available
 Memory: 24465M
 Large Page Support: Disabled
 NUMA Support: Disabled
 Compressed Oops: Enabled (32-bit)
 Alignments: Space 512K, Generation 512K, Heap 2M
 Heap Min Capacity: 100M
 Heap Initial Capacity: 100M
 Heap Max Capacity: 2G
 Pre-touch: Disabled
 Parallel Workers: 8
Heap:
 PSYoungGen      total 7168K, used 6969K [0x00000000d5580000, 0x00000000d5f80000, 0x0000000100000000)
  eden space 5120K, 100% used [0x00000000d5580000,0x00000000d5a80000,0x00000000d5a80000)
  from space 2048K, 90% used [0x00000000d5c80000,0x00000000d5e4e4f0,0x00000000d5e80000)
  to   space 2048K, 88% used [0x00000000d5a80000,0x00000000d5c42ac8,0x00000000d5c80000)
 ParOldGen       total 361984K, used 361498K [0x0000000080000000, 0x0000000096180000, 0x00000000d5580000)
  object space 361984K, 99% used [0x0000000080000000,0x0000000096106840,0x0000000096180000)
 Metaspace       used 63743K, committed 65216K, reserved 1114112K
  class space    used 6628K, committed 7296K, reserved 1048576K
GC Heap History (20 events):
Event: 22.135 GC heap after
{Heap after GC invocations=331 (full 3):
 PSYoungGen      total 5120K, used 966K [0x00000000d5580000, 0x00000000d5c80000, 0x0000000100000000)
  eden space 4096K, 0% used [0x00000000d5580000,0x00000000d5580000,0x00000000d5980000)
  from space 1024K, 94% used [0x00000000d5b80000,0x00000000d5c71b80,0x00000000d5c80000)
  to   space 1536K, 0% used [0x00000000d5980000,0x00000000d5980000,0x00000000d5b00000)
 ParOldGen       total 350720K, used 350524K [0x0000000080000000, 0x0000000095680000, 0x00000000d5580000)
  object space 350720K, 99% used [0x0000000080000000,0x000000009564f338,0x0000000095680000)
 Metaspace       used 63672K, committed 65152K, reserved 1114112K
  class space    used 6624K, committed 7296K, reserved 1048576K
}
Event: 22.145 GC heap before
{Heap before GC invocations=332 (full 3):
 PSYoungGen      total 5120K, used 4913K [0x00000000d5580000, 0x00000000d5c80000, 0x0000000100000000)
  eden space 4096K, 96% used [0x00000000d5580000,0x00000000d595abd8,0x00000000d5980000)
  from space 1024K, 94% used [0x00000000d5b80000,0x00000000d5c71b80,0x00000000d5c80000)
  to   space 1536K, 0% used [0x00000000d5980000,0x00000000d5980000,0x00000000d5b00000)
 ParOldGen       total 350720K, used 350524K [0x0000000080000000, 0x0000000095680000, 0x00000000d5580000)
  object space 350720K, 99% used [0x0000000080000000,0x000000009564f338,0x0000000095680000)
 Metaspace       used 63680K, committed 65152K, reserved 1114112K
  class space    used 6625K, committed 7296K, reserved 1048576K
}
Event: 22.148 GC heap after
{Heap after GC invocations=332 (full 3):
 PSYoungGen      total 5632K, used 1320K [0x00000000d5580000, 0x00000000d5d80000, 0x0000000100000000)
  eden space 4096K, 0% used [0x00000000d5580000,0x00000000d5580000,0x00000000d5980000)
  from space 1536K, 85% used [0x00000000d5980000,0x00000000d5aca118,0x00000000d5b00000)
  to   space 1536K, 0% used [0x00000000d5c00000,0x00000000d5c00000,0x00000000d5d80000)
 ParOldGen       total 351744K, used 351387K [0x0000000080000000, 0x0000000095780000, 0x00000000d5580000)
  object space 351744K, 99% used [0x0000000080000000,0x0000000095726c28,0x0000000095780000)
 Metaspace       used 63680K, committed 65152K, reserved 1114112K
  class space    used 6625K, committed 7296K, reserved 1048576K
}
Event: 22.161 GC heap before
{Heap before GC invocations=333 (full 3):
 PSYoungGen      total 5632K, used 5416K [0x00000000d5580000, 0x00000000d5d80000, 0x0000000100000000)
  eden space 4096K, 100% used [0x00000000d5580000,0x00000000d5980000,0x00000000d5980000)
  from space 1536K, 85% used [0x00000000d5980000,0x00000000d5aca118,0x00000000d5b00000)
  to   space 1536K, 0% used [0x00000000d5c00000,0x00000000d5c00000,0x00000000d5d80000)
 ParOldGen       total 351744K, used 351387K [0x0000000080000000, 0x0000000095780000, 0x00000000d5580000)
  object space 351744K, 99% used [0x0000000080000000,0x0000000095726c28,0x0000000095780000)
 Metaspace       used 63717K, committed 65216K, reserved 1114112K
  class space    used 6628K, committed 7296K, reserved 1048576K
}
Event: 22.164 GC heap after
{Heap after GC invocations=333 (full 3):
 PSYoungGen      total 6656K, used 1161K [0x00000000d5580000, 0x00000000d5d80000, 0x0000000100000000)
  eden space 5120K, 0% used [0x00000000d5580000,0x00000000d5580000,0x00000000d5a80000)
  from space 1536K, 75% used [0x00000000d5c00000,0x00000000d5d22558,0x00000000d5d80000)
  to   space 1536K, 0% used [0x00000000d5a80000,0x00000000d5a80000,0x00000000d5c00000)
 ParOldGen       total 352768K, used 352633K [0x0000000080000000, 0x0000000095880000, 0x00000000d5580000)
  object space 352768K, 99% used [0x0000000080000000,0x000000009585e768,0x0000000095880000)
 Metaspace       used 63717K, committed 65216K, reserved 1114112K
  class space    used 6628K, committed 7296K, reserved 1048576K
}
Event: 22.188 GC heap before
{Heap before GC invocations=334 (full 3):
 PSYoungGen      total 6656K, used 6281K [0x00000000d5580000, 0x00000000d5d80000, 0x0000000100000000)
  eden space 5120K, 100% used [0x00000000d5580000,0x00000000d5a80000,0x00000000d5a80000)
  from space 1536K, 75% used [0x00000000d5c00000,0x00000000d5d22558,0x00000000d5d80000)
  to   space 1536K, 0% used [0x00000000d5a80000,0x00000000d5a80000,0x00000000d5c00000)
 ParOldGen       total 352768K, used 352633K [0x0000000080000000, 0x0000000095880000, 0x00000000d5580000)
  object space 352768K, 99% used [0x0000000080000000,0x000000009585e768,0x0000000095880000)
 Metaspace       used 63720K, committed 65216K, reserved 1114112K
  class space    used 6628K, committed 7296K, reserved 1048576K
}
Event: 22.191 GC heap after
{Heap after GC invocations=334 (full 3):
 PSYoungGen      total 6656K, used 1102K [0x00000000d5580000, 0x00000000d5d80000, 0x0000000100000000)
  eden space 5120K, 0% used [0x00000000d5580000,0x00000000d5580000,0x00000000d5a80000)
  from space 1536K, 71% used [0x00000000d5a80000,0x00000000d5b93ab8,0x00000000d5c00000)
  to   space 1536K, 0% used [0x00000000d5c00000,0x00000000d5c00000,0x00000000d5d80000)
 ParOldGen       total 353792K, used 353627K [0x0000000080000000, 0x0000000095980000, 0x00000000d5580000)
  object space 353792K, 99% used [0x0000000080000000,0x0000000095956f98,0x0000000095980000)
 Metaspace       used 63720K, committed 65216K, reserved 1114112K
  class space    used 6628K, committed 7296K, reserved 1048576K
}
Event: 22.211 GC heap before
{Heap before GC invocations=335 (full 3):
 PSYoungGen      total 6656K, used 6222K [0x00000000d5580000, 0x00000000d5d80000, 0x0000000100000000)
  eden space 5120K, 100% used [0x00000000d5580000,0x00000000d5a80000,0x00000000d5a80000)
  from space 1536K, 71% used [0x00000000d5a80000,0x00000000d5b93ab8,0x00000000d5c00000)
  to   space 1536K, 0% used [0x00000000d5c00000,0x00000000d5c00000,0x00000000d5d80000)
 ParOldGen       total 353792K, used 353627K [0x0000000080000000, 0x0000000095980000, 0x00000000d5580000)
  object space 353792K, 99% used [0x0000000080000000,0x0000000095956f98,0x0000000095980000)
 Metaspace       used 63720K, committed 65216K, reserved 1114112K
  class space    used 6628K, committed 7296K, reserved 1048576K
}
Event: 22.215 GC heap after
{Heap after GC invocations=335 (full 3):
 PSYoungGen      total 6656K, used 1170K [0x00000000d5580000, 0x00000000d5d80000, 0x0000000100000000)
  eden space 5120K, 0% used [0x00000000d5580000,0x00000000d5580000,0x00000000d5a80000)
  from space 1536K, 76% used [0x00000000d5c00000,0x00000000d5d24b48,0x00000000d5d80000)
  to   space 1536K, 0% used [0x00000000d5a80000,0x00000000d5a80000,0x00000000d5c00000)
 ParOldGen       total 354816K, used 354597K [0x0000000080000000, 0x0000000095a80000, 0x00000000d5580000)
  object space 354816K, 99% used [0x0000000080000000,0x0000000095a49560,0x0000000095a80000)
 Metaspace       used 63720K, committed 65216K, reserved 1114112K
  class space    used 6628K, committed 7296K, reserved 1048576K
}
Event: 22.229 GC heap before
{Heap before GC invocations=336 (full 3):
 PSYoungGen      total 6656K, used 6290K [0x00000000d5580000, 0x00000000d5d80000, 0x0000000100000000)
  eden space 5120K, 100% used [0x00000000d5580000,0x00000000d5a80000,0x00000000d5a80000)
  from space 1536K, 76% used [0x00000000d5c00000,0x00000000d5d24b48,0x00000000d5d80000)
  to   space 1536K, 0% used [0x00000000d5a80000,0x00000000d5a80000,0x00000000d5c00000)
 ParOldGen       total 354816K, used 354597K [0x0000000080000000, 0x0000000095a80000, 0x00000000d5580000)
  object space 354816K, 99% used [0x0000000080000000,0x0000000095a49560,0x0000000095a80000)
 Metaspace       used 63722K, committed 65216K, reserved 1114112K
  class space    used 6628K, committed 7296K, reserved 1048576K
}
Event: 22.233 GC heap after
{Heap after GC invocations=336 (full 3):
 PSYoungGen      total 6656K, used 1490K [0x00000000d5580000, 0x00000000d5e80000, 0x0000000100000000)
  eden space 5120K, 0% used [0x00000000d5580000,0x00000000d5580000,0x00000000d5a80000)
  from space 1536K, 97% used [0x00000000d5a80000,0x00000000d5bf4bf0,0x00000000d5c00000)
  to   space 2048K, 0% used [0x00000000d5c80000,0x00000000d5c80000,0x00000000d5e80000)
 ParOldGen       total 355840K, used 355643K [0x0000000080000000, 0x0000000095b80000, 0x00000000d5580000)
  object space 355840K, 99% used [0x0000000080000000,0x0000000095b4eee8,0x0000000095b80000)
 Metaspace       used 63722K, committed 65216K, reserved 1114112K
  class space    used 6628K, committed 7296K, reserved 1048576K
}
Event: 22.242 GC heap before
{Heap before GC invocations=337 (full 3):
 PSYoungGen      total 6656K, used 6607K [0x00000000d5580000, 0x00000000d5e80000, 0x0000000100000000)
  eden space 5120K, 99% used [0x00000000d5580000,0x00000000d5a7f2e8,0x00000000d5a80000)
  from space 1536K, 97% used [0x00000000d5a80000,0x00000000d5bf4bf0,0x00000000d5c00000)
  to   space 2048K, 0% used [0x00000000d5c80000,0x00000000d5c80000,0x00000000d5e80000)
 ParOldGen       total 355840K, used 355643K [0x0000000080000000, 0x0000000095b80000, 0x00000000d5580000)
  object space 355840K, 99% used [0x0000000080000000,0x0000000095b4eee8,0x0000000095b80000)
 Metaspace       used 63738K, committed 65216K, reserved 1114112K
  class space    used 6628K, committed 7296K, reserved 1048576K
}
Event: 22.245 GC heap after
{Heap after GC invocations=337 (full 3):
 PSYoungGen      total 7168K, used 1716K [0x00000000d5580000, 0x00000000d5e80000, 0x0000000100000000)
  eden space 5120K, 0% used [0x00000000d5580000,0x00000000d5580000,0x00000000d5a80000)
  from space 2048K, 83% used [0x00000000d5c80000,0x00000000d5e2d348,0x00000000d5e80000)
  to   space 2048K, 0% used [0x00000000d5a80000,0x00000000d5a80000,0x00000000d5c80000)
 ParOldGen       total 357376K, used 356974K [0x0000000080000000, 0x0000000095d00000, 0x00000000d5580000)
  object space 357376K, 99% used [0x0000000080000000,0x0000000095c9ba28,0x0000000095d00000)
 Metaspace       used 63738K, committed 65216K, reserved 1114112K
  class space    used 6628K, committed 7296K, reserved 1048576K
}
Event: 22.253 GC heap before
{Heap before GC invocations=338 (full 3):
 PSYoungGen      total 7168K, used 6836K [0x00000000d5580000, 0x00000000d5e80000, 0x0000000100000000)
  eden space 5120K, 100% used [0x00000000d5580000,0x00000000d5a80000,0x00000000d5a80000)
  from space 2048K, 83% used [0x00000000d5c80000,0x00000000d5e2d348,0x00000000d5e80000)
  to   space 2048K, 0% used [0x00000000d5a80000,0x00000000d5a80000,0x00000000d5c80000)
 ParOldGen       total 357376K, used 356974K [0x0000000080000000, 0x0000000095d00000, 0x00000000d5580000)
  object space 357376K, 99% used [0x0000000080000000,0x0000000095c9ba28,0x0000000095d00000)
 Metaspace       used 63741K, committed 65216K, reserved 1114112K
  class space    used 6628K, committed 7296K, reserved 1048576K
}
Event: 22.259 GC heap after
{Heap after GC invocations=338 (full 3):
 PSYoungGen      total 7168K, used 1778K [0x00000000d5580000, 0x00000000d5e80000, 0x0000000100000000)
  eden space 5120K, 0% used [0x00000000d5580000,0x00000000d5580000,0x00000000d5a80000)
  from space 2048K, 86% used [0x00000000d5a80000,0x00000000d5c3c8d0,0x00000000d5c80000)
  to   space 2048K, 0% used [0x00000000d5c80000,0x00000000d5c80000,0x00000000d5e80000)
 ParOldGen       total 358912K, used 358528K [0x0000000080000000, 0x0000000095e80000, 0x00000000d5580000)
  object space 358912K, 99% used [0x0000000080000000,0x0000000095e203a0,0x0000000095e80000)
 Metaspace       used 63741K, committed 65216K, reserved 1114112K
  class space    used 6628K, committed 7296K, reserved 1048576K
}
Event: 22.269 GC heap before
{Heap before GC invocations=339 (full 3):
 PSYoungGen      total 7168K, used 6898K [0x00000000d5580000, 0x00000000d5e80000, 0x0000000100000000)
  eden space 5120K, 100% used [0x00000000d5580000,0x00000000d5a80000,0x00000000d5a80000)
  from space 2048K, 86% used [0x00000000d5a80000,0x00000000d5c3c8d0,0x00000000d5c80000)
  to   space 2048K, 0% used [0x00000000d5c80000,0x00000000d5c80000,0x00000000d5e80000)
 ParOldGen       total 358912K, used 358528K [0x0000000080000000, 0x0000000095e80000, 0x00000000d5580000)
  object space 358912K, 99% used [0x0000000080000000,0x0000000095e203a0,0x0000000095e80000)
 Metaspace       used 63742K, committed 65216K, reserved 1114112K
  class space    used 6628K, committed 7296K, reserved 1048576K
}
Event: 22.272 GC heap after
{Heap after GC invocations=339 (full 3):
 PSYoungGen      total 7168K, used 1849K [0x00000000d5580000, 0x00000000d5f80000, 0x0000000100000000)
  eden space 5120K, 0% used [0x00000000d5580000,0x00000000d5580000,0x00000000d5a80000)
  from space 2048K, 90% used [0x00000000d5c80000,0x00000000d5e4e4f0,0x00000000d5e80000)
  to   space 2048K, 0% used [0x00000000d5a80000,0x00000000d5a80000,0x00000000d5c80000)
 ParOldGen       total 360448K, used 360208K [0x0000000080000000, 0x0000000096000000, 0x00000000d5580000)
  object space 360448K, 99% used [0x0000000080000000,0x0000000095fc4268,0x0000000096000000)
 Metaspace       used 63742K, committed 65216K, reserved 1114112K
  class space    used 6628K, committed 7296K, reserved 1048576K
}
Event: 22.289 GC heap before
{Heap before GC invocations=340 (full 3):
 PSYoungGen      total 7168K, used 6969K [0x00000000d5580000, 0x00000000d5f80000, 0x0000000100000000)
  eden space 5120K, 100% used [0x00000000d5580000,0x00000000d5a80000,0x00000000d5a80000)
  from space 2048K, 90% used [0x00000000d5c80000,0x00000000d5e4e4f0,0x00000000d5e80000)
  to   space 2048K, 0% used [0x00000000d5a80000,0x00000000d5a80000,0x00000000d5c80000)
 ParOldGen       total 360448K, used 360208K [0x0000000080000000, 0x0000000096000000, 0x00000000d5580000)
  object space 360448K, 99% used [0x0000000080000000,0x0000000095fc4268,0x0000000096000000)
 Metaspace       used 63743K, committed 65216K, reserved 1114112K
  class space    used 6628K, committed 7296K, reserved 1048576K
}
Event: 22.292 GC heap after
{Heap after GC invocations=340 (full 3):
 PSYoungGen      total 7168K, used 6969K [0x00000000d5580000, 0x00000000d5f80000, 0x0000000100000000)
  eden space 5120K, 100% used [0x00000000d5580000,0x00000000d5a80000,0x00000000d5a80000)
  from space 2048K, 90% used [0x00000000d5c80000,0x00000000d5e4e4f0,0x00000000d5e80000)
  to   space 2048K, 88% used [0x00000000d5a80000,0x00000000d5c42ac8,0x00000000d5c80000)
 ParOldGen       total 361984K, used 361498K [0x0000000080000000, 0x0000000096180000, 0x00000000d5580000)
  object space 361984K, 99% used [0x0000000080000000,0x0000000096106840,0x0000000096180000)
 Metaspace       used 63743K, committed 65216K, reserved 1114112K
  class space    used 6628K, committed 7296K, reserved 1048576K
}
Event: 22.292 GC heap before
{Heap before GC invocations=341 (full 4):
 PSYoungGen      total 7168K, used 6969K [0x00000000d5580000, 0x00000000d5f80000, 0x0000000100000000)
  eden space 5120K, 100% used [0x00000000d5580000,0x00000000d5a80000,0x00000000d5a80000)
  from space 2048K, 90% used [0x00000000d5c80000,0x00000000d5e4e4f0,0x00000000d5e80000)
  to   space 2048K, 88% used [0x00000000d5a80000,0x00000000d5c42ac8,0x00000000d5c80000)
 ParOldGen       total 361984K, used 361498K [0x0000000080000000, 0x0000000096180000, 0x00000000d5580000)
  object space 361984K, 99% used [0x0000000080000000,0x0000000096106840,0x0000000096180000)
 Metaspace       used 63743K, committed 65216K, reserved 1114112K
  class space    used 6628K, committed 7296K, reserved 1048576K
}

